Using Spark's default log4j profile: org/apache/spark/log4j-defaults.properties
20/04/02 19:11:11 INFO SparkContext: Running Spark version 1.5.2
20/04/02 19:11:11 WARN NativeCodeLoader: Unable to load native-hadoop library for your platform... using builtin-java classes where applicable
20/04/02 19:11:11 INFO SecurityManager: Changing view acls to: varshini
20/04/02 19:11:11 INFO SecurityManager: Changing modify acls to: varshini
20/04/02 19:11:11 INFO SecurityManager: SecurityManager: authentication disabled; ui acls disabled; users with view permissions: Set(varshini); users with modify permissions: Set(varshini)
20/04/02 19:11:12 INFO Slf4jLogger: Slf4jLogger started
20/04/02 19:11:12 INFO Remoting: Starting remoting
20/04/02 19:11:12 INFO Remoting: Remoting started; listening on addresses :[akka.tcp://sparkDriver@198.202.112.26:34005]
20/04/02 19:11:12 INFO Utils: Successfully started service 'sparkDriver' on port 34005.
20/04/02 19:11:12 INFO SparkEnv: Registering MapOutputTracker
20/04/02 19:11:12 INFO SparkEnv: Registering BlockManagerMaster
20/04/02 19:11:12 INFO DiskBlockManager: Created local directory at /tmp/blockmgr-7ac469ef-1ecc-4cc6-b2e4-dc948405298f
20/04/02 19:11:12 INFO MemoryStore: MemoryStore started with capacity 530.0 MB
20/04/02 19:11:12 INFO HttpFileServer: HTTP File server directory is /tmp/spark-3f63e4a7-559f-49b5-bbb0-afb96681b42d/httpd-1110358c-f341-4a41-b267-ce0aeb27cbcd
20/04/02 19:11:12 INFO HttpServer: Starting HTTP Server
20/04/02 19:11:12 INFO Utils: Successfully started service 'HTTP file server' on port 42172.
20/04/02 19:11:12 INFO SparkEnv: Registering OutputCommitCoordinator
20/04/02 19:11:12 INFO Utils: Successfully started service 'SparkUI' on port 4040.
20/04/02 19:11:12 INFO SparkUI: Started SparkUI at http://198.202.112.26:4040
20/04/02 19:11:12 INFO SparkContext: Added JAR file:/home/varshini/project4/histogram.jar at http://198.202.112.26:42172/jars/histogram.jar with timestamp 1585879872877
20/04/02 19:11:12 WARN MetricsSystem: Using default name DAGScheduler for source because spark.app.id is not set.
20/04/02 19:11:12 INFO Executor: Starting executor ID driver on host localhost
20/04/02 19:11:13 INFO Utils: Successfully started service 'org.apache.spark.network.netty.NettyBlockTransferService' on port 36707.
20/04/02 19:11:13 INFO NettyBlockTransferService: Server created on 36707
20/04/02 19:11:13 INFO BlockManagerMaster: Trying to register BlockManager
20/04/02 19:11:13 INFO BlockManagerMasterEndpoint: Registering block manager localhost:36707 with 530.0 MB RAM, BlockManagerId(driver, localhost, 36707)
20/04/02 19:11:13 INFO BlockManagerMaster: Registered BlockManager
20/04/02 19:11:13 INFO MemoryStore: ensureFreeSpace(120040) called with curMem=0, maxMem=555755765
20/04/02 19:11:13 INFO MemoryStore: Block broadcast_0 stored as values in memory (estimated size 117.2 KB, free 529.9 MB)
20/04/02 19:11:13 INFO MemoryStore: ensureFreeSpace(12673) called with curMem=120040, maxMem=555755765
20/04/02 19:11:13 INFO MemoryStore: Block broadcast_0_piece0 stored as bytes in memory (estimated size 12.4 KB, free 529.9 MB)
20/04/02 19:11:13 INFO BlockManagerInfo: Added broadcast_0_piece0 in memory on localhost:36707 (size: 12.4 KB, free: 530.0 MB)
20/04/02 19:11:13 INFO SparkContext: Created broadcast 0 from textFile at Histogram.scala:11
20/04/02 19:11:13 INFO FileInputFormat: Total input paths to process : 1
20/04/02 19:11:13 INFO SparkContext: Starting job: collect at Histogram.scala:19
20/04/02 19:11:13 INFO DAGScheduler: Registering RDD 3 (flatMap at Histogram.scala:13)
20/04/02 19:11:13 INFO DAGScheduler: Got job 0 (collect at Histogram.scala:19) with 2 output partitions
20/04/02 19:11:13 INFO DAGScheduler: Final stage: ResultStage 1(collect at Histogram.scala:19)
20/04/02 19:11:13 INFO DAGScheduler: Parents of final stage: List(ShuffleMapStage 0)
20/04/02 19:11:13 INFO DAGScheduler: Missing parents: List(ShuffleMapStage 0)
20/04/02 19:11:13 INFO DAGScheduler: Submitting ShuffleMapStage 0 (MapPartitionsRDD[3] at flatMap at Histogram.scala:13), which has no missing parents
20/04/02 19:11:13 INFO MemoryStore: ensureFreeSpace(4064) called with curMem=132713, maxMem=555755765
20/04/02 19:11:13 INFO MemoryStore: Block broadcast_1 stored as values in memory (estimated size 4.0 KB, free 529.9 MB)
20/04/02 19:11:13 INFO MemoryStore: ensureFreeSpace(2327) called with curMem=136777, maxMem=555755765
20/04/02 19:11:13 INFO MemoryStore: Block broadcast_1_piece0 stored as bytes in memory (estimated size 2.3 KB, free 529.9 MB)
20/04/02 19:11:13 INFO BlockManagerInfo: Added broadcast_1_piece0 in memory on localhost:36707 (size: 2.3 KB, free: 530.0 MB)
20/04/02 19:11:13 INFO SparkContext: Created broadcast 1 from broadcast at DAGScheduler.scala:861
20/04/02 19:11:13 INFO DAGScheduler: Submitting 2 missing tasks from ShuffleMapStage 0 (MapPartitionsRDD[3] at flatMap at Histogram.scala:13)
20/04/02 19:11:13 INFO TaskSchedulerImpl: Adding task set 0.0 with 2 tasks
20/04/02 19:11:13 INFO TaskSetManager: Starting task 0.0 in stage 0.0 (TID 0, localhost, PROCESS_LOCAL, 2199 bytes)
20/04/02 19:11:13 INFO TaskSetManager: Starting task 1.0 in stage 0.0 (TID 1, localhost, PROCESS_LOCAL, 2199 bytes)
20/04/02 19:11:13 INFO Executor: Running task 0.0 in stage 0.0 (TID 0)
20/04/02 19:11:13 INFO Executor: Running task 1.0 in stage 0.0 (TID 1)
20/04/02 19:11:13 INFO Executor: Fetching http://198.202.112.26:42172/jars/histogram.jar with timestamp 1585879872877
20/04/02 19:11:13 INFO Utils: Fetching http://198.202.112.26:42172/jars/histogram.jar to /tmp/spark-3f63e4a7-559f-49b5-bbb0-afb96681b42d/userFiles-06701299-7092-4920-8094-3237230950e0/fetchFileTemp3911708315706453694.tmp
20/04/02 19:11:13 INFO Executor: Adding file:/tmp/spark-3f63e4a7-559f-49b5-bbb0-afb96681b42d/userFiles-06701299-7092-4920-8094-3237230950e0/histogram.jar to class loader
20/04/02 19:11:13 INFO HadoopRDD: Input split: file:/home/varshini/project4/pixels-small.txt:531+531
20/04/02 19:11:13 INFO HadoopRDD: Input split: file:/home/varshini/project4/pixels-small.txt:0+531
20/04/02 19:11:13 INFO deprecation: mapred.tip.id is deprecated. Instead, use mapreduce.task.id
20/04/02 19:11:13 INFO deprecation: mapred.task.id is deprecated. Instead, use mapreduce.task.attempt.id
20/04/02 19:11:13 INFO deprecation: mapred.task.is.map is deprecated. Instead, use mapreduce.task.ismap
20/04/02 19:11:13 INFO deprecation: mapred.task.partition is deprecated. Instead, use mapreduce.task.partition
20/04/02 19:11:13 INFO deprecation: mapred.job.id is deprecated. Instead, use mapreduce.job.id
20/04/02 19:11:13 INFO Executor: Finished task 1.0 in stage 0.0 (TID 1). 2254 bytes result sent to driver
20/04/02 19:11:13 INFO Executor: Finished task 0.0 in stage 0.0 (TID 0). 2254 bytes result sent to driver
20/04/02 19:11:14 INFO TaskSetManager: Finished task 1.0 in stage 0.0 (TID 1) in 195 ms on localhost (1/2)
20/04/02 19:11:14 INFO DAGScheduler: ShuffleMapStage 0 (flatMap at Histogram.scala:13) finished in 0.240 s
20/04/02 19:11:14 INFO DAGScheduler: looking for newly runnable stages
20/04/02 19:11:14 INFO DAGScheduler: running: Set()
20/04/02 19:11:14 INFO DAGScheduler: waiting: Set(ResultStage 1)
20/04/02 19:11:14 INFO DAGScheduler: failed: Set()
20/04/02 19:11:14 INFO DAGScheduler: Missing parents for ResultStage 1: List()
20/04/02 19:11:14 INFO DAGScheduler: Submitting ResultStage 1 (MapPartitionsRDD[5] at map at Histogram.scala:19), which is now runnable
20/04/02 19:11:14 INFO MemoryStore: ensureFreeSpace(2744) called with curMem=139104, maxMem=555755765
20/04/02 19:11:14 INFO MemoryStore: Block broadcast_2 stored as values in memory (estimated size 2.7 KB, free 529.9 MB)
20/04/02 19:11:14 INFO MemoryStore: ensureFreeSpace(1615) called with curMem=141848, maxMem=555755765
20/04/02 19:11:14 INFO MemoryStore: Block broadcast_2_piece0 stored as bytes in memory (estimated size 1615.0 B, free 529.9 MB)
20/04/02 19:11:14 INFO BlockManagerInfo: Added broadcast_2_piece0 in memory on localhost:36707 (size: 1615.0 B, free: 530.0 MB)
20/04/02 19:11:14 INFO SparkContext: Created broadcast 2 from broadcast at DAGScheduler.scala:861
20/04/02 19:11:14 INFO DAGScheduler: Submitting 2 missing tasks from ResultStage 1 (MapPartitionsRDD[5] at map at Histogram.scala:19)
20/04/02 19:11:14 INFO TaskSchedulerImpl: Adding task set 1.0 with 2 tasks
20/04/02 19:11:14 INFO TaskSetManager: Finished task 0.0 in stage 0.0 (TID 0) in 233 ms on localhost (2/2)
20/04/02 19:11:14 INFO TaskSchedulerImpl: Removed TaskSet 0.0, whose tasks have all completed, from pool 
20/04/02 19:11:14 INFO TaskSetManager: Starting task 0.0 in stage 1.0 (TID 2, localhost, PROCESS_LOCAL, 1957 bytes)
20/04/02 19:11:14 INFO TaskSetManager: Starting task 1.0 in stage 1.0 (TID 3, localhost, PROCESS_LOCAL, 1957 bytes)
20/04/02 19:11:14 INFO Executor: Running task 0.0 in stage 1.0 (TID 2)
20/04/02 19:11:14 INFO Executor: Running task 1.0 in stage 1.0 (TID 3)
20/04/02 19:11:14 INFO ShuffleBlockFetcherIterator: Getting 2 non-empty blocks out of 2 blocks
20/04/02 19:11:14 INFO ShuffleBlockFetcherIterator: Getting 2 non-empty blocks out of 2 blocks
20/04/02 19:11:14 INFO ShuffleBlockFetcherIterator: Started 0 remote fetches in 3 ms
20/04/02 19:11:14 INFO ShuffleBlockFetcherIterator: Started 0 remote fetches in 2 ms
20/04/02 19:11:14 INFO Executor: Finished task 1.0 in stage 1.0 (TID 3). 4988 bytes result sent to driver
20/04/02 19:11:14 INFO TaskSetManager: Finished task 1.0 in stage 1.0 (TID 3) in 44 ms on localhost (1/2)
20/04/02 19:11:14 INFO Executor: Finished task 0.0 in stage 1.0 (TID 2). 5081 bytes result sent to driver
20/04/02 19:11:14 INFO TaskSetManager: Finished task 0.0 in stage 1.0 (TID 2) in 66 ms on localhost (2/2)
20/04/02 19:11:14 INFO DAGScheduler: ResultStage 1 (collect at Histogram.scala:19) finished in 0.054 s
20/04/02 19:11:14 INFO TaskSchedulerImpl: Removed TaskSet 1.0, whose tasks have all completed, from pool 
20/04/02 19:11:14 INFO DAGScheduler: Job 0 finished: collect at Histogram.scala:19, took 0.392104 s
(3,58,1)
(1,214,1)
(2,98,2)
(3,2,2)
(2,128,1)
(3,102,1)
(3,170,1)
(3,0,1)
(2,88,1)
(1,42,1)
(3,172,1)
(3,126,1)
(2,180,1)
(3,122,1)
(2,10,1)
(2,58,1)
(2,14,1)
(2,192,1)
(3,148,3)
(3,188,1)
(1,100,1)
(2,12,1)
(1,88,1)
(2,38,1)
(3,72,1)
(3,146,1)
(3,92,1)
(3,18,1)
(1,222,2)
(2,146,1)
(2,72,1)
(3,108,1)
(1,146,1)
(3,114,1)
(1,156,1)
(1,2,2)
(3,14,1)
(1,250,1)
(3,40,1)
(2,76,1)
(3,54,1)
(2,106,1)
(1,114,1)
(3,144,1)
(1,64,1)
(1,176,1)
(2,236,1)
(3,132,1)
(3,124,1)
(1,142,1)
(2,168,1)
(2,16,1)
(1,132,1)
(2,118,1)
(1,116,1)
(3,194,1)
(1,62,1)
(2,84,1)
(1,228,1)
(3,176,1)
(1,30,1)
(1,70,1)
(1,16,1)
(1,130,1)
(3,36,1)
(2,158,1)
(3,202,1)
(2,64,1)
(3,70,1)
(2,92,2)
(3,236,1)
(2,78,1)
(3,74,1)
(2,202,1)
(3,162,2)
(2,62,3)
(3,16,1)
(3,4,1)
(1,122,2)
(3,104,1)
(2,18,1)
(2,138,1)
(1,48,2)
(1,202,1)
(1,236,1)
(2,254,1)
(3,252,1)
(3,26,2)
(2,48,2)
(1,252,1)
(3,116,1)
(3,140,1)
(2,114,1)
(2,208,1)
(3,118,2)
(3,224,1)
(3,214,1)
(2,96,1)
(1,58,1)
(2,34,1)
(2,52,2)
(1,194,1)
(2,120,1)
(2,224,1)
(1,86,1)
(1,120,1)
(1,154,1)
(1,80,1)
(1,90,3)
(1,234,1)
(3,84,1)
(2,226,1)
(3,88,1)
(1,136,1)
(1,76,1)
(3,178,2)
(1,72,2)
(2,154,1)
(3,32,2)
(3,68,1)
(3,112,1)
(2,218,2)
(1,238,1)
(2,24,1)
(2,130,1)
(2,170,1)
(1,102,1)
(2,228,2)
(3,222,3)
(1,4,1)
(1,208,1)
(1,33,1)
(3,53,1)
(2,51,1)
(2,41,1)
(3,217,1)
(1,47,1)
(3,115,1)
(1,141,1)
(2,5,1)
(1,135,1)
(2,211,1)
(3,23,1)
(2,247,1)
(2,223,1)
(1,157,1)
(2,229,1)
(3,21,1)
(1,155,1)
(3,137,1)
(3,163,1)
(1,189,1)
(2,151,1)
(1,221,1)
(2,25,1)
(2,81,1)
(3,169,1)
(3,225,1)
(3,245,1)
(2,197,1)
(3,243,1)
(1,123,1)
(2,105,1)
(1,137,1)
(2,57,1)
(2,161,1)
(1,195,1)
(3,195,1)
(2,17,2)
(3,83,1)
(2,241,1)
(1,107,1)
(2,187,1)
(3,17,1)
(3,197,1)
(3,239,1)
(3,43,1)
(1,17,2)
(1,153,2)
(1,207,1)
(2,101,1)
(2,31,1)
(1,57,1)
(1,29,1)
(3,73,1)
(1,27,1)
(1,129,1)
(1,247,1)
(1,63,1)
(3,255,2)
(2,79,1)
(2,113,1)
(2,127,1)
(1,79,2)
(3,67,1)
(1,131,1)
(2,67,1)
(2,193,1)
(2,71,1)
(2,205,1)
(3,69,1)
(2,171,1)
(3,109,1)
(2,103,1)
(2,53,1)
(3,37,1)
(3,251,1)
(2,237,3)
(2,243,2)
(1,23,1)
(3,41,1)
(3,47,1)
(2,39,1)
(1,49,3)
(3,175,1)
(3,59,1)
(1,61,1)
(1,37,2)
(1,211,2)
(3,249,1)
(1,121,1)
(1,191,1)
(3,165,1)
(1,101,1)
(1,5,1)
(3,181,2)
(2,131,1)
(1,71,1)
(1,239,1)
(1,127,1)
(3,99,1)
(2,141,1)
(3,235,1)
(1,167,1)
(2,123,1)
(1,99,1)
(3,157,1)
(1,81,1)
(2,59,1)
(1,83,1)
(1,245,1)
(3,15,2)
(1,213,1)
(2,73,2)
(3,133,1)
(2,61,1)
(3,149,1)
(2,227,1)
(3,35,1)
(2,169,1)
(2,245,2)
(1,163,1)
(3,105,1)
(1,69,1)
(2,125,2)
(3,145,1)
(1,243,1)
(1,39,1)
20/04/02 19:11:14 INFO SparkContext: Invoking stop() from shutdown hook
20/04/02 19:11:14 INFO SparkUI: Stopped Spark web UI at http://198.202.112.26:4040
20/04/02 19:11:14 INFO DAGScheduler: Stopping DAGScheduler
20/04/02 19:11:14 INFO MapOutputTrackerMasterEndpoint: MapOutputTrackerMasterEndpoint stopped!
20/04/02 19:11:14 INFO MemoryStore: MemoryStore cleared
20/04/02 19:11:14 INFO BlockManager: BlockManager stopped
20/04/02 19:11:14 INFO BlockManagerMaster: BlockManagerMaster stopped
20/04/02 19:11:14 INFO OutputCommitCoordinator$OutputCommitCoordinatorEndpoint: OutputCommitCoordinator stopped!
20/04/02 19:11:14 INFO SparkContext: Successfully stopped SparkContext
20/04/02 19:11:14 INFO ShutdownHookManager: Shutdown hook called
20/04/02 19:11:14 INFO ShutdownHookManager: Deleting directory /tmp/spark-3f63e4a7-559f-49b5-bbb0-afb96681b42d
