Using Spark's default log4j profile: org/apache/spark/log4j-defaults.properties
20/04/08 20:49:08 INFO SparkContext: Running Spark version 1.5.2
20/04/08 20:49:09 WARN NativeCodeLoader: Unable to load native-hadoop library for your platform... using builtin-java classes where applicable
20/04/08 20:49:09 INFO SecurityManager: Changing view acls to: varshini
20/04/08 20:49:09 INFO SecurityManager: Changing modify acls to: varshini
20/04/08 20:49:09 INFO SecurityManager: SecurityManager: authentication disabled; ui acls disabled; users with view permissions: Set(varshini); users with modify permissions: Set(varshini)
20/04/08 20:49:09 INFO Slf4jLogger: Slf4jLogger started
20/04/08 20:49:09 INFO Remoting: Starting remoting
20/04/08 20:49:09 INFO Remoting: Remoting started; listening on addresses :[akka.tcp://sparkDriver@198.202.114.102:44022]
20/04/08 20:49:09 INFO Utils: Successfully started service 'sparkDriver' on port 44022.
20/04/08 20:49:10 INFO SparkEnv: Registering MapOutputTracker
20/04/08 20:49:10 INFO SparkEnv: Registering BlockManagerMaster
20/04/08 20:49:10 INFO DiskBlockManager: Created local directory at /tmp/blockmgr-b3394a6d-1098-455e-8924-ffcabf2ddc81
20/04/08 20:49:10 INFO MemoryStore: MemoryStore started with capacity 530.0 MB
20/04/08 20:49:10 INFO HttpFileServer: HTTP File server directory is /tmp/spark-5cf78a93-bd21-4db4-be61-99ba913eb31a/httpd-e3874a64-b6b8-47ae-8339-85de962edebb
20/04/08 20:49:10 INFO HttpServer: Starting HTTP Server
20/04/08 20:49:10 INFO Utils: Successfully started service 'HTTP file server' on port 44676.
20/04/08 20:49:10 INFO SparkEnv: Registering OutputCommitCoordinator
20/04/08 20:49:10 INFO Utils: Successfully started service 'SparkUI' on port 4040.
20/04/08 20:49:10 INFO SparkUI: Started SparkUI at http://198.202.114.102:4040
20/04/08 20:49:10 INFO SparkContext: Added JAR file:/home/varshini/project5/graph.jar at http://198.202.114.102:44676/jars/graph.jar with timestamp 1586404150314
20/04/08 20:49:10 WARN MetricsSystem: Using default name DAGScheduler for source because spark.app.id is not set.
20/04/08 20:49:10 INFO Executor: Starting executor ID driver on host localhost
20/04/08 20:49:10 INFO Utils: Successfully started service 'org.apache.spark.network.netty.NettyBlockTransferService' on port 45955.
20/04/08 20:49:10 INFO NettyBlockTransferService: Server created on 45955
20/04/08 20:49:10 INFO BlockManagerMaster: Trying to register BlockManager
20/04/08 20:49:10 INFO BlockManagerMasterEndpoint: Registering block manager localhost:45955 with 530.0 MB RAM, BlockManagerId(driver, localhost, 45955)
20/04/08 20:49:10 INFO BlockManagerMaster: Registered BlockManager
20/04/08 20:49:11 INFO MemoryStore: ensureFreeSpace(120040) called with curMem=0, maxMem=555755765
20/04/08 20:49:11 INFO MemoryStore: Block broadcast_0 stored as values in memory (estimated size 117.2 KB, free 529.9 MB)
20/04/08 20:49:11 INFO MemoryStore: ensureFreeSpace(12673) called with curMem=120040, maxMem=555755765
20/04/08 20:49:11 INFO MemoryStore: Block broadcast_0_piece0 stored as bytes in memory (estimated size 12.4 KB, free 529.9 MB)
20/04/08 20:49:11 INFO BlockManagerInfo: Added broadcast_0_piece0 in memory on localhost:45955 (size: 12.4 KB, free: 530.0 MB)
20/04/08 20:49:11 INFO SparkContext: Created broadcast 0 from textFile at Graph.scala:9
20/04/08 20:49:11 INFO FileInputFormat: Total input paths to process : 1
20/04/08 20:49:11 INFO SparkContext: Starting job: collect at Graph.scala:26
20/04/08 20:49:11 INFO DAGScheduler: Registering RDD 4 (flatMap at Graph.scala:17)
20/04/08 20:49:11 INFO DAGScheduler: Registering RDD 6 (map at Graph.scala:21)
20/04/08 20:49:11 INFO DAGScheduler: Registering RDD 13 (map at Graph.scala:21)
20/04/08 20:49:11 INFO DAGScheduler: Registering RDD 11 (flatMap at Graph.scala:17)
20/04/08 20:49:11 INFO DAGScheduler: Registering RDD 18 (flatMap at Graph.scala:17)
20/04/08 20:49:11 INFO MapOutputTrackerMaster: Size of output statuses for shuffle 7 is 85 bytes
20/04/08 20:49:11 INFO MapOutputTrackerMaster: Size of output statuses for shuffle 6 is 85 bytes
20/04/08 20:49:11 INFO MapOutputTrackerMaster: Size of output statuses for shuffle 0 is 85 bytes
20/04/08 20:49:11 INFO MapOutputTrackerMaster: Size of output statuses for shuffle 1 is 85 bytes
20/04/08 20:49:11 INFO DAGScheduler: Registering RDD 20 (map at Graph.scala:21)
20/04/08 20:49:11 INFO DAGScheduler: Registering RDD 27 (map at Graph.scala:21)
20/04/08 20:49:11 INFO DAGScheduler: Registering RDD 25 (flatMap at Graph.scala:17)
20/04/08 20:49:11 INFO DAGScheduler: Registering RDD 32 (flatMap at Graph.scala:17)
20/04/08 20:49:11 INFO MapOutputTrackerMaster: Size of output statuses for shuffle 9 is 85 bytes
20/04/08 20:49:11 INFO MapOutputTrackerMaster: Size of output statuses for shuffle 8 is 85 bytes
20/04/08 20:49:11 INFO MapOutputTrackerMaster: Size of output statuses for shuffle 2 is 85 bytes
20/04/08 20:49:11 INFO MapOutputTrackerMaster: Size of output statuses for shuffle 3 is 85 bytes
20/04/08 20:49:11 INFO DAGScheduler: Registering RDD 34 (map at Graph.scala:21)
20/04/08 20:49:11 INFO DAGScheduler: Registering RDD 39 (map at Graph.scala:25)
20/04/08 20:49:11 INFO DAGScheduler: Got job 0 (collect at Graph.scala:26) with 2 output partitions
20/04/08 20:49:11 INFO DAGScheduler: Final stage: ResultStage 23(collect at Graph.scala:26)
20/04/08 20:49:11 INFO DAGScheduler: Parents of final stage: List(ShuffleMapStage 22)
20/04/08 20:49:11 INFO DAGScheduler: Missing parents: List(ShuffleMapStage 22)
20/04/08 20:49:11 INFO DAGScheduler: Submitting ShuffleMapStage 16 (MapPartitionsRDD[4] at flatMap at Graph.scala:17), which has no missing parents
20/04/08 20:49:11 INFO MemoryStore: ensureFreeSpace(4224) called with curMem=132713, maxMem=555755765
20/04/08 20:49:11 INFO MemoryStore: Block broadcast_1 stored as values in memory (estimated size 4.1 KB, free 529.9 MB)
20/04/08 20:49:11 INFO MemoryStore: ensureFreeSpace(2354) called with curMem=136937, maxMem=555755765
20/04/08 20:49:11 INFO MemoryStore: Block broadcast_1_piece0 stored as bytes in memory (estimated size 2.3 KB, free 529.9 MB)
20/04/08 20:49:11 INFO BlockManagerInfo: Added broadcast_1_piece0 in memory on localhost:45955 (size: 2.3 KB, free: 530.0 MB)
20/04/08 20:49:11 INFO SparkContext: Created broadcast 1 from broadcast at DAGScheduler.scala:861
20/04/08 20:49:11 INFO DAGScheduler: Submitting 2 missing tasks from ShuffleMapStage 16 (MapPartitionsRDD[4] at flatMap at Graph.scala:17)
20/04/08 20:49:11 INFO TaskSchedulerImpl: Adding task set 16.0 with 2 tasks
20/04/08 20:49:11 INFO DAGScheduler: Submitting ShuffleMapStage 17 (MapPartitionsRDD[6] at map at Graph.scala:21), which has no missing parents
20/04/08 20:49:11 INFO MemoryStore: ensureFreeSpace(3832) called with curMem=139291, maxMem=555755765
20/04/08 20:49:11 INFO MemoryStore: Block broadcast_2 stored as values in memory (estimated size 3.7 KB, free 529.9 MB)
20/04/08 20:49:11 INFO MemoryStore: ensureFreeSpace(2197) called with curMem=143123, maxMem=555755765
20/04/08 20:49:11 INFO MemoryStore: Block broadcast_2_piece0 stored as bytes in memory (estimated size 2.1 KB, free 529.9 MB)
20/04/08 20:49:11 INFO BlockManagerInfo: Added broadcast_2_piece0 in memory on localhost:45955 (size: 2.1 KB, free: 530.0 MB)
20/04/08 20:49:11 INFO SparkContext: Created broadcast 2 from broadcast at DAGScheduler.scala:861
20/04/08 20:49:11 INFO DAGScheduler: Submitting 2 missing tasks from ShuffleMapStage 17 (MapPartitionsRDD[6] at map at Graph.scala:21)
20/04/08 20:49:11 INFO TaskSchedulerImpl: Adding task set 17.0 with 2 tasks
20/04/08 20:49:11 INFO TaskSetManager: Starting task 0.0 in stage 16.0 (TID 0, localhost, PROCESS_LOCAL, 2195 bytes)
20/04/08 20:49:11 INFO TaskSetManager: Starting task 1.0 in stage 16.0 (TID 1, localhost, PROCESS_LOCAL, 2195 bytes)
20/04/08 20:49:11 INFO Executor: Running task 0.0 in stage 16.0 (TID 0)
20/04/08 20:49:11 INFO Executor: Fetching http://198.202.114.102:44676/jars/graph.jar with timestamp 1586404150314
20/04/08 20:49:11 INFO Executor: Running task 1.0 in stage 16.0 (TID 1)
20/04/08 20:49:11 INFO Utils: Fetching http://198.202.114.102:44676/jars/graph.jar to /tmp/spark-5cf78a93-bd21-4db4-be61-99ba913eb31a/userFiles-cb7fa5bc-b8d1-4bf8-b46d-30247ad1262d/fetchFileTemp1280852593214876412.tmp
20/04/08 20:49:11 INFO Executor: Adding file:/tmp/spark-5cf78a93-bd21-4db4-be61-99ba913eb31a/userFiles-cb7fa5bc-b8d1-4bf8-b46d-30247ad1262d/graph.jar to class loader
20/04/08 20:49:11 INFO HadoopRDD: Input split: file:/home/varshini/project5/small-graph.txt:28+28
20/04/08 20:49:11 INFO HadoopRDD: Input split: file:/home/varshini/project5/small-graph.txt:0+28
20/04/08 20:49:11 INFO deprecation: mapred.tip.id is deprecated. Instead, use mapreduce.task.id
20/04/08 20:49:11 INFO deprecation: mapred.task.id is deprecated. Instead, use mapreduce.task.attempt.id
20/04/08 20:49:11 INFO deprecation: mapred.task.is.map is deprecated. Instead, use mapreduce.task.ismap
20/04/08 20:49:11 INFO deprecation: mapred.task.partition is deprecated. Instead, use mapreduce.task.partition
20/04/08 20:49:11 INFO deprecation: mapred.job.id is deprecated. Instead, use mapreduce.job.id
20/04/08 20:49:11 INFO Executor: Finished task 1.0 in stage 16.0 (TID 1). 2254 bytes result sent to driver
20/04/08 20:49:11 INFO Executor: Finished task 0.0 in stage 16.0 (TID 0). 2254 bytes result sent to driver
20/04/08 20:49:11 INFO TaskSetManager: Starting task 0.0 in stage 17.0 (TID 2, localhost, PROCESS_LOCAL, 2195 bytes)
20/04/08 20:49:11 INFO Executor: Running task 0.0 in stage 17.0 (TID 2)
20/04/08 20:49:11 INFO HadoopRDD: Input split: file:/home/varshini/project5/small-graph.txt:0+28
20/04/08 20:49:11 INFO TaskSetManager: Starting task 1.0 in stage 17.0 (TID 3, localhost, PROCESS_LOCAL, 2195 bytes)
20/04/08 20:49:11 INFO Executor: Running task 1.0 in stage 17.0 (TID 3)
20/04/08 20:49:11 INFO HadoopRDD: Input split: file:/home/varshini/project5/small-graph.txt:28+28
20/04/08 20:49:11 INFO Executor: Finished task 1.0 in stage 17.0 (TID 3). 2254 bytes result sent to driver
20/04/08 20:49:11 INFO Executor: Finished task 0.0 in stage 17.0 (TID 2). 2254 bytes result sent to driver
20/04/08 20:49:11 INFO TaskSetManager: Finished task 1.0 in stage 16.0 (TID 1) in 225 ms on localhost (1/2)
20/04/08 20:49:11 INFO TaskSetManager: Finished task 0.0 in stage 16.0 (TID 0) in 240 ms on localhost (2/2)
20/04/08 20:49:11 INFO TaskSchedulerImpl: Removed TaskSet 16.0, whose tasks have all completed, from pool 
20/04/08 20:49:11 INFO DAGScheduler: ShuffleMapStage 16 (flatMap at Graph.scala:17) finished in 0.249 s
20/04/08 20:49:11 INFO DAGScheduler: looking for newly runnable stages
20/04/08 20:49:11 INFO DAGScheduler: running: Set(ShuffleMapStage 17)
20/04/08 20:49:11 INFO DAGScheduler: waiting: Set(ShuffleMapStage 15, ShuffleMapStage 12, ShuffleMapStage 19, ShuffleMapStage 13, ShuffleMapStage 20, ShuffleMapStage 21, ShuffleMapStage 18, ShuffleMapStage 22, ShuffleMapStage 14, ResultStage 23)
20/04/08 20:49:11 INFO DAGScheduler: failed: Set()
20/04/08 20:49:11 INFO DAGScheduler: Missing parents for ShuffleMapStage 15: List(ShuffleMapStage 17)
20/04/08 20:49:11 INFO DAGScheduler: Missing parents for ShuffleMapStage 12: List(ShuffleMapStage 13, ShuffleMapStage 20)
20/04/08 20:49:11 INFO DAGScheduler: Missing parents for ShuffleMapStage 19: List(ShuffleMapStage 15, ShuffleMapStage 18)
20/04/08 20:49:11 INFO DAGScheduler: Missing parents for ShuffleMapStage 13: List(ShuffleMapStage 19, ShuffleMapStage 14)
20/04/08 20:49:11 INFO DAGScheduler: Missing parents for ShuffleMapStage 20: List(ShuffleMapStage 19, ShuffleMapStage 14)
20/04/08 20:49:11 INFO DAGScheduler: Missing parents for ShuffleMapStage 21: List(ShuffleMapStage 13, ShuffleMapStage 20)
20/04/08 20:49:11 INFO TaskSetManager: Finished task 0.0 in stage 17.0 (TID 2) in 50 ms on localhost (1/2)
20/04/08 20:49:11 INFO TaskSetManager: Finished task 1.0 in stage 17.0 (TID 3) in 40 ms on localhost (2/2)
20/04/08 20:49:11 INFO TaskSchedulerImpl: Removed TaskSet 17.0, whose tasks have all completed, from pool 
20/04/08 20:49:11 INFO DAGScheduler: Missing parents for ShuffleMapStage 18: List(ShuffleMapStage 17)
20/04/08 20:49:11 INFO DAGScheduler: Missing parents for ShuffleMapStage 22: List(ShuffleMapStage 12, ShuffleMapStage 21)
20/04/08 20:49:11 INFO DAGScheduler: Missing parents for ShuffleMapStage 14: List(ShuffleMapStage 15, ShuffleMapStage 18)
20/04/08 20:49:11 INFO DAGScheduler: Missing parents for ResultStage 23: List(ShuffleMapStage 22)
20/04/08 20:49:11 INFO DAGScheduler: ShuffleMapStage 17 (map at Graph.scala:21) finished in 0.243 s
20/04/08 20:49:11 INFO DAGScheduler: looking for newly runnable stages
20/04/08 20:49:11 INFO DAGScheduler: running: Set()
20/04/08 20:49:11 INFO DAGScheduler: waiting: Set(ShuffleMapStage 15, ShuffleMapStage 12, ShuffleMapStage 19, ShuffleMapStage 13, ShuffleMapStage 20, ShuffleMapStage 21, ShuffleMapStage 18, ShuffleMapStage 22, ShuffleMapStage 14, ResultStage 23)
20/04/08 20:49:11 INFO DAGScheduler: failed: Set()
20/04/08 20:49:11 INFO DAGScheduler: Missing parents for ShuffleMapStage 15: List()
20/04/08 20:49:11 INFO DAGScheduler: Missing parents for ShuffleMapStage 12: List(ShuffleMapStage 13, ShuffleMapStage 20)
20/04/08 20:49:11 INFO DAGScheduler: Missing parents for ShuffleMapStage 19: List(ShuffleMapStage 15, ShuffleMapStage 18)
20/04/08 20:49:11 INFO DAGScheduler: Missing parents for ShuffleMapStage 13: List(ShuffleMapStage 19, ShuffleMapStage 14)
20/04/08 20:49:11 INFO DAGScheduler: Missing parents for ShuffleMapStage 20: List(ShuffleMapStage 19, ShuffleMapStage 14)
20/04/08 20:49:11 INFO DAGScheduler: Missing parents for ShuffleMapStage 21: List(ShuffleMapStage 13, ShuffleMapStage 20)
20/04/08 20:49:11 INFO DAGScheduler: Missing parents for ShuffleMapStage 18: List()
20/04/08 20:49:11 INFO DAGScheduler: Missing parents for ShuffleMapStage 22: List(ShuffleMapStage 12, ShuffleMapStage 21)
20/04/08 20:49:11 INFO DAGScheduler: Missing parents for ShuffleMapStage 14: List(ShuffleMapStage 15, ShuffleMapStage 18)
20/04/08 20:49:11 INFO DAGScheduler: Missing parents for ResultStage 23: List(ShuffleMapStage 22)
20/04/08 20:49:11 INFO DAGScheduler: Submitting ShuffleMapStage 15 (MapPartitionsRDD[11] at flatMap at Graph.scala:17), which is now runnable
20/04/08 20:49:11 INFO MemoryStore: ensureFreeSpace(3616) called with curMem=145320, maxMem=555755765
20/04/08 20:49:11 INFO MemoryStore: Block broadcast_3 stored as values in memory (estimated size 3.5 KB, free 529.9 MB)
20/04/08 20:49:11 INFO MemoryStore: ensureFreeSpace(1840) called with curMem=148936, maxMem=555755765
20/04/08 20:49:11 INFO MemoryStore: Block broadcast_3_piece0 stored as bytes in memory (estimated size 1840.0 B, free 529.9 MB)
20/04/08 20:49:11 INFO BlockManagerInfo: Added broadcast_3_piece0 in memory on localhost:45955 (size: 1840.0 B, free: 530.0 MB)
20/04/08 20:49:11 INFO SparkContext: Created broadcast 3 from broadcast at DAGScheduler.scala:861
20/04/08 20:49:11 INFO DAGScheduler: Submitting 2 missing tasks from ShuffleMapStage 15 (MapPartitionsRDD[11] at flatMap at Graph.scala:17)
20/04/08 20:49:11 INFO TaskSchedulerImpl: Adding task set 15.0 with 2 tasks
20/04/08 20:49:11 INFO DAGScheduler: Submitting ShuffleMapStage 18 (MapPartitionsRDD[13] at map at Graph.scala:21), which is now runnable
20/04/08 20:49:11 INFO TaskSetManager: Starting task 0.0 in stage 15.0 (TID 4, localhost, PROCESS_LOCAL, 2170 bytes)
20/04/08 20:49:11 INFO TaskSetManager: Starting task 1.0 in stage 15.0 (TID 5, localhost, PROCESS_LOCAL, 2170 bytes)
20/04/08 20:49:11 INFO Executor: Running task 0.0 in stage 15.0 (TID 4)
20/04/08 20:49:11 INFO Executor: Running task 1.0 in stage 15.0 (TID 5)
20/04/08 20:49:11 INFO MemoryStore: ensureFreeSpace(3504) called with curMem=150776, maxMem=555755765
20/04/08 20:49:11 INFO MemoryStore: Block broadcast_4 stored as values in memory (estimated size 3.4 KB, free 529.9 MB)
20/04/08 20:49:11 INFO ShuffleBlockFetcherIterator: Getting 2 non-empty blocks out of 2 blocks
20/04/08 20:49:11 INFO ShuffleBlockFetcherIterator: Getting 2 non-empty blocks out of 2 blocks
20/04/08 20:49:11 INFO ShuffleBlockFetcherIterator: Started 0 remote fetches in 3 ms
20/04/08 20:49:11 INFO ShuffleBlockFetcherIterator: Started 0 remote fetches in 3 ms
20/04/08 20:49:11 INFO MemoryStore: ensureFreeSpace(1806) called with curMem=154280, maxMem=555755765
20/04/08 20:49:11 INFO MemoryStore: Block broadcast_4_piece0 stored as bytes in memory (estimated size 1806.0 B, free 529.9 MB)
20/04/08 20:49:11 INFO BlockManagerInfo: Added broadcast_4_piece0 in memory on localhost:45955 (size: 1806.0 B, free: 530.0 MB)
20/04/08 20:49:11 INFO SparkContext: Created broadcast 4 from broadcast at DAGScheduler.scala:861
20/04/08 20:49:11 INFO DAGScheduler: Submitting 2 missing tasks from ShuffleMapStage 18 (MapPartitionsRDD[13] at map at Graph.scala:21)
20/04/08 20:49:11 INFO ShuffleBlockFetcherIterator: Getting 2 non-empty blocks out of 2 blocks
20/04/08 20:49:11 INFO ShuffleBlockFetcherIterator: Started 0 remote fetches in 0 ms
20/04/08 20:49:11 INFO ShuffleBlockFetcherIterator: Getting 2 non-empty blocks out of 2 blocks
20/04/08 20:49:11 INFO ShuffleBlockFetcherIterator: Started 0 remote fetches in 0 ms
20/04/08 20:49:11 INFO TaskSchedulerImpl: Adding task set 18.0 with 2 tasks
20/04/08 20:49:11 INFO Executor: Finished task 0.0 in stage 15.0 (TID 4). 1375 bytes result sent to driver
20/04/08 20:49:11 INFO TaskSetManager: Starting task 0.0 in stage 18.0 (TID 6, localhost, PROCESS_LOCAL, 2170 bytes)
20/04/08 20:49:11 INFO TaskSetManager: Finished task 0.0 in stage 15.0 (TID 4) in 47 ms on localhost (1/2)
20/04/08 20:49:11 INFO Executor: Finished task 1.0 in stage 15.0 (TID 5). 1375 bytes result sent to driver
20/04/08 20:49:11 INFO TaskSetManager: Starting task 1.0 in stage 18.0 (TID 7, localhost, PROCESS_LOCAL, 2170 bytes)
20/04/08 20:49:11 INFO TaskSetManager: Finished task 1.0 in stage 15.0 (TID 5) in 48 ms on localhost (2/2)
20/04/08 20:49:11 INFO TaskSchedulerImpl: Removed TaskSet 15.0, whose tasks have all completed, from pool 
20/04/08 20:49:11 INFO DAGScheduler: ShuffleMapStage 15 (flatMap at Graph.scala:17) finished in 0.053 s
20/04/08 20:49:11 INFO DAGScheduler: looking for newly runnable stages
20/04/08 20:49:11 INFO DAGScheduler: running: Set(ShuffleMapStage 18)
20/04/08 20:49:11 INFO DAGScheduler: waiting: Set(ShuffleMapStage 12, ShuffleMapStage 19, ShuffleMapStage 13, ShuffleMapStage 20, ShuffleMapStage 21, ShuffleMapStage 22, ShuffleMapStage 14, ResultStage 23)
20/04/08 20:49:11 INFO DAGScheduler: failed: Set()
20/04/08 20:49:11 INFO DAGScheduler: Missing parents for ShuffleMapStage 12: List(ShuffleMapStage 13, ShuffleMapStage 20)
20/04/08 20:49:11 INFO DAGScheduler: Missing parents for ShuffleMapStage 19: List(ShuffleMapStage 18)
20/04/08 20:49:11 INFO DAGScheduler: Missing parents for ShuffleMapStage 13: List(ShuffleMapStage 19, ShuffleMapStage 14)
20/04/08 20:49:11 INFO DAGScheduler: Missing parents for ShuffleMapStage 20: List(ShuffleMapStage 19, ShuffleMapStage 14)
20/04/08 20:49:11 INFO DAGScheduler: Missing parents for ShuffleMapStage 21: List(ShuffleMapStage 13, ShuffleMapStage 20)
20/04/08 20:49:11 INFO DAGScheduler: Missing parents for ShuffleMapStage 22: List(ShuffleMapStage 12, ShuffleMapStage 21)
20/04/08 20:49:11 INFO DAGScheduler: Missing parents for ShuffleMapStage 14: List(ShuffleMapStage 18)
20/04/08 20:49:11 INFO DAGScheduler: Missing parents for ResultStage 23: List(ShuffleMapStage 22)
20/04/08 20:49:11 INFO Executor: Running task 0.0 in stage 18.0 (TID 6)
20/04/08 20:49:11 INFO ShuffleBlockFetcherIterator: Getting 2 non-empty blocks out of 2 blocks
20/04/08 20:49:11 INFO ShuffleBlockFetcherIterator: Started 0 remote fetches in 1 ms
20/04/08 20:49:11 INFO ShuffleBlockFetcherIterator: Getting 2 non-empty blocks out of 2 blocks
20/04/08 20:49:11 INFO ShuffleBlockFetcherIterator: Started 0 remote fetches in 0 ms
20/04/08 20:49:11 INFO Executor: Finished task 0.0 in stage 18.0 (TID 6). 1375 bytes result sent to driver
20/04/08 20:49:11 INFO TaskSetManager: Finished task 0.0 in stage 18.0 (TID 6) in 23 ms on localhost (1/2)
20/04/08 20:49:11 INFO Executor: Running task 1.0 in stage 18.0 (TID 7)
20/04/08 20:49:11 INFO ShuffleBlockFetcherIterator: Getting 2 non-empty blocks out of 2 blocks
20/04/08 20:49:11 INFO ShuffleBlockFetcherIterator: Started 0 remote fetches in 0 ms
20/04/08 20:49:11 INFO ShuffleBlockFetcherIterator: Getting 2 non-empty blocks out of 2 blocks
20/04/08 20:49:11 INFO ShuffleBlockFetcherIterator: Started 0 remote fetches in 0 ms
20/04/08 20:49:11 INFO Executor: Finished task 1.0 in stage 18.0 (TID 7). 1375 bytes result sent to driver
20/04/08 20:49:11 INFO TaskSetManager: Finished task 1.0 in stage 18.0 (TID 7) in 27 ms on localhost (2/2)
20/04/08 20:49:11 INFO TaskSchedulerImpl: Removed TaskSet 18.0, whose tasks have all completed, from pool 
20/04/08 20:49:11 INFO DAGScheduler: ShuffleMapStage 18 (map at Graph.scala:21) finished in 0.050 s
20/04/08 20:49:11 INFO DAGScheduler: looking for newly runnable stages
20/04/08 20:49:11 INFO DAGScheduler: running: Set()
20/04/08 20:49:11 INFO DAGScheduler: waiting: Set(ShuffleMapStage 12, ShuffleMapStage 19, ShuffleMapStage 13, ShuffleMapStage 20, ShuffleMapStage 21, ShuffleMapStage 22, ShuffleMapStage 14, ResultStage 23)
20/04/08 20:49:11 INFO DAGScheduler: failed: Set()
20/04/08 20:49:11 INFO DAGScheduler: Missing parents for ShuffleMapStage 12: List(ShuffleMapStage 13, ShuffleMapStage 20)
20/04/08 20:49:11 INFO DAGScheduler: Missing parents for ShuffleMapStage 19: List()
20/04/08 20:49:11 INFO DAGScheduler: Missing parents for ShuffleMapStage 13: List(ShuffleMapStage 19, ShuffleMapStage 14)
20/04/08 20:49:11 INFO DAGScheduler: Missing parents for ShuffleMapStage 20: List(ShuffleMapStage 19, ShuffleMapStage 14)
20/04/08 20:49:11 INFO DAGScheduler: Missing parents for ShuffleMapStage 21: List(ShuffleMapStage 13, ShuffleMapStage 20)
20/04/08 20:49:11 INFO DAGScheduler: Missing parents for ShuffleMapStage 22: List(ShuffleMapStage 12, ShuffleMapStage 21)
20/04/08 20:49:11 INFO DAGScheduler: Missing parents for ShuffleMapStage 14: List()
20/04/08 20:49:11 INFO DAGScheduler: Missing parents for ResultStage 23: List(ShuffleMapStage 22)
20/04/08 20:49:11 INFO DAGScheduler: Submitting ShuffleMapStage 14 (MapPartitionsRDD[18] at flatMap at Graph.scala:17), which is now runnable
20/04/08 20:49:11 INFO MemoryStore: ensureFreeSpace(3616) called with curMem=156086, maxMem=555755765
20/04/08 20:49:11 INFO MemoryStore: Block broadcast_5 stored as values in memory (estimated size 3.5 KB, free 529.9 MB)
20/04/08 20:49:11 INFO MemoryStore: ensureFreeSpace(1855) called with curMem=159702, maxMem=555755765
20/04/08 20:49:11 INFO MemoryStore: Block broadcast_5_piece0 stored as bytes in memory (estimated size 1855.0 B, free 529.9 MB)
20/04/08 20:49:11 INFO BlockManagerInfo: Added broadcast_5_piece0 in memory on localhost:45955 (size: 1855.0 B, free: 530.0 MB)
20/04/08 20:49:11 INFO SparkContext: Created broadcast 5 from broadcast at DAGScheduler.scala:861
20/04/08 20:49:11 INFO DAGScheduler: Submitting 2 missing tasks from ShuffleMapStage 14 (MapPartitionsRDD[18] at flatMap at Graph.scala:17)
20/04/08 20:49:11 INFO TaskSchedulerImpl: Adding task set 14.0 with 2 tasks
20/04/08 20:49:11 INFO DAGScheduler: Submitting ShuffleMapStage 19 (MapPartitionsRDD[20] at map at Graph.scala:21), which is now runnable
20/04/08 20:49:11 INFO TaskSetManager: Starting task 0.0 in stage 14.0 (TID 8, localhost, PROCESS_LOCAL, 2170 bytes)
20/04/08 20:49:11 INFO TaskSetManager: Starting task 1.0 in stage 14.0 (TID 9, localhost, PROCESS_LOCAL, 2170 bytes)
20/04/08 20:49:11 INFO MemoryStore: ensureFreeSpace(3504) called with curMem=161557, maxMem=555755765
20/04/08 20:49:11 INFO MemoryStore: Block broadcast_6 stored as values in memory (estimated size 3.4 KB, free 529.9 MB)
20/04/08 20:49:11 INFO MemoryStore: ensureFreeSpace(1820) called with curMem=165061, maxMem=555755765
20/04/08 20:49:11 INFO MemoryStore: Block broadcast_6_piece0 stored as bytes in memory (estimated size 1820.0 B, free 529.9 MB)
20/04/08 20:49:11 INFO BlockManagerInfo: Added broadcast_6_piece0 in memory on localhost:45955 (size: 1820.0 B, free: 530.0 MB)
20/04/08 20:49:11 INFO Executor: Running task 1.0 in stage 14.0 (TID 9)
20/04/08 20:49:11 INFO ShuffleBlockFetcherIterator: Getting 2 non-empty blocks out of 2 blocks
20/04/08 20:49:11 INFO ShuffleBlockFetcherIterator: Started 0 remote fetches in 1 ms
20/04/08 20:49:11 INFO SparkContext: Created broadcast 6 from broadcast at DAGScheduler.scala:861
20/04/08 20:49:11 INFO DAGScheduler: Submitting 2 missing tasks from ShuffleMapStage 19 (MapPartitionsRDD[20] at map at Graph.scala:21)
20/04/08 20:49:11 INFO TaskSchedulerImpl: Adding task set 19.0 with 2 tasks
20/04/08 20:49:11 INFO Executor: Running task 0.0 in stage 14.0 (TID 8)
20/04/08 20:49:11 INFO ShuffleBlockFetcherIterator: Getting 2 non-empty blocks out of 2 blocks
20/04/08 20:49:11 INFO ShuffleBlockFetcherIterator: Started 0 remote fetches in 0 ms
20/04/08 20:49:11 INFO ShuffleBlockFetcherIterator: Getting 2 non-empty blocks out of 2 blocks
20/04/08 20:49:11 INFO ShuffleBlockFetcherIterator: Started 0 remote fetches in 0 ms
20/04/08 20:49:11 INFO ShuffleBlockFetcherIterator: Getting 2 non-empty blocks out of 2 blocks
20/04/08 20:49:11 INFO ShuffleBlockFetcherIterator: Started 0 remote fetches in 0 ms
20/04/08 20:49:11 INFO Executor: Finished task 1.0 in stage 14.0 (TID 9). 1375 bytes result sent to driver
20/04/08 20:49:11 INFO TaskSetManager: Starting task 0.0 in stage 19.0 (TID 10, localhost, PROCESS_LOCAL, 2170 bytes)
20/04/08 20:49:11 INFO TaskSetManager: Finished task 1.0 in stage 14.0 (TID 9) in 18 ms on localhost (1/2)
20/04/08 20:49:11 INFO Executor: Running task 0.0 in stage 19.0 (TID 10)
20/04/08 20:49:11 INFO Executor: Finished task 0.0 in stage 14.0 (TID 8). 1375 bytes result sent to driver
20/04/08 20:49:11 INFO TaskSetManager: Starting task 1.0 in stage 19.0 (TID 11, localhost, PROCESS_LOCAL, 2170 bytes)
20/04/08 20:49:11 INFO TaskSetManager: Finished task 0.0 in stage 14.0 (TID 8) in 32 ms on localhost (2/2)
20/04/08 20:49:11 INFO TaskSchedulerImpl: Removed TaskSet 14.0, whose tasks have all completed, from pool 
20/04/08 20:49:11 INFO Executor: Running task 1.0 in stage 19.0 (TID 11)
20/04/08 20:49:11 INFO DAGScheduler: ShuffleMapStage 14 (flatMap at Graph.scala:17) finished in 0.034 s
20/04/08 20:49:11 INFO DAGScheduler: looking for newly runnable stages
20/04/08 20:49:11 INFO DAGScheduler: running: Set(ShuffleMapStage 19)
20/04/08 20:49:11 INFO DAGScheduler: waiting: Set(ShuffleMapStage 12, ShuffleMapStage 13, ShuffleMapStage 20, ShuffleMapStage 21, ShuffleMapStage 22, ResultStage 23)
20/04/08 20:49:11 INFO DAGScheduler: failed: Set()
20/04/08 20:49:11 INFO DAGScheduler: Missing parents for ShuffleMapStage 12: List(ShuffleMapStage 13, ShuffleMapStage 20)
20/04/08 20:49:11 INFO DAGScheduler: Missing parents for ShuffleMapStage 13: List(ShuffleMapStage 19)
20/04/08 20:49:11 INFO DAGScheduler: Missing parents for ShuffleMapStage 20: List(ShuffleMapStage 19)
20/04/08 20:49:11 INFO DAGScheduler: Missing parents for ShuffleMapStage 21: List(ShuffleMapStage 13, ShuffleMapStage 20)
20/04/08 20:49:11 INFO DAGScheduler: Missing parents for ShuffleMapStage 22: List(ShuffleMapStage 12, ShuffleMapStage 21)
20/04/08 20:49:11 INFO DAGScheduler: Missing parents for ResultStage 23: List(ShuffleMapStage 22)
20/04/08 20:49:11 INFO ShuffleBlockFetcherIterator: Getting 2 non-empty blocks out of 2 blocks
20/04/08 20:49:11 INFO ShuffleBlockFetcherIterator: Started 0 remote fetches in 0 ms
20/04/08 20:49:11 INFO ShuffleBlockFetcherIterator: Getting 2 non-empty blocks out of 2 blocks
20/04/08 20:49:11 INFO ShuffleBlockFetcherIterator: Started 0 remote fetches in 1 ms
20/04/08 20:49:11 INFO Executor: Finished task 1.0 in stage 19.0 (TID 11). 1375 bytes result sent to driver
20/04/08 20:49:11 INFO TaskSetManager: Finished task 1.0 in stage 19.0 (TID 11) in 9 ms on localhost (1/2)
20/04/08 20:49:11 INFO ShuffleBlockFetcherIterator: Getting 2 non-empty blocks out of 2 blocks
20/04/08 20:49:11 INFO ShuffleBlockFetcherIterator: Started 0 remote fetches in 1 ms
20/04/08 20:49:11 INFO ShuffleBlockFetcherIterator: Getting 2 non-empty blocks out of 2 blocks
20/04/08 20:49:11 INFO ShuffleBlockFetcherIterator: Started 0 remote fetches in 0 ms
20/04/08 20:49:12 INFO Executor: Finished task 0.0 in stage 19.0 (TID 10). 1375 bytes result sent to driver
20/04/08 20:49:12 INFO TaskSetManager: Finished task 0.0 in stage 19.0 (TID 10) in 35 ms on localhost (2/2)
20/04/08 20:49:12 INFO TaskSchedulerImpl: Removed TaskSet 19.0, whose tasks have all completed, from pool 
20/04/08 20:49:12 INFO DAGScheduler: ShuffleMapStage 19 (map at Graph.scala:21) finished in 0.034 s
20/04/08 20:49:12 INFO DAGScheduler: looking for newly runnable stages
20/04/08 20:49:12 INFO DAGScheduler: running: Set()
20/04/08 20:49:12 INFO DAGScheduler: waiting: Set(ShuffleMapStage 12, ShuffleMapStage 13, ShuffleMapStage 20, ShuffleMapStage 21, ShuffleMapStage 22, ResultStage 23)
20/04/08 20:49:12 INFO DAGScheduler: failed: Set()
20/04/08 20:49:12 INFO DAGScheduler: Missing parents for ShuffleMapStage 12: List(ShuffleMapStage 13, ShuffleMapStage 20)
20/04/08 20:49:12 INFO DAGScheduler: Missing parents for ShuffleMapStage 13: List()
20/04/08 20:49:12 INFO DAGScheduler: Missing parents for ShuffleMapStage 20: List()
20/04/08 20:49:12 INFO DAGScheduler: Missing parents for ShuffleMapStage 21: List(ShuffleMapStage 13, ShuffleMapStage 20)
20/04/08 20:49:12 INFO DAGScheduler: Missing parents for ShuffleMapStage 22: List(ShuffleMapStage 12, ShuffleMapStage 21)
20/04/08 20:49:12 INFO DAGScheduler: Missing parents for ResultStage 23: List(ShuffleMapStage 22)
20/04/08 20:49:12 INFO DAGScheduler: Submitting ShuffleMapStage 13 (MapPartitionsRDD[25] at flatMap at Graph.scala:17), which is now runnable
20/04/08 20:49:12 INFO MemoryStore: ensureFreeSpace(3616) called with curMem=166881, maxMem=555755765
20/04/08 20:49:12 INFO MemoryStore: Block broadcast_7 stored as values in memory (estimated size 3.5 KB, free 529.8 MB)
20/04/08 20:49:12 INFO MemoryStore: ensureFreeSpace(1853) called with curMem=170497, maxMem=555755765
20/04/08 20:49:12 INFO MemoryStore: Block broadcast_7_piece0 stored as bytes in memory (estimated size 1853.0 B, free 529.8 MB)
20/04/08 20:49:12 INFO BlockManagerInfo: Added broadcast_7_piece0 in memory on localhost:45955 (size: 1853.0 B, free: 530.0 MB)
20/04/08 20:49:12 INFO SparkContext: Created broadcast 7 from broadcast at DAGScheduler.scala:861
20/04/08 20:49:12 INFO DAGScheduler: Submitting 2 missing tasks from ShuffleMapStage 13 (MapPartitionsRDD[25] at flatMap at Graph.scala:17)
20/04/08 20:49:12 INFO TaskSchedulerImpl: Adding task set 13.0 with 2 tasks
20/04/08 20:49:12 INFO DAGScheduler: Submitting ShuffleMapStage 20 (MapPartitionsRDD[27] at map at Graph.scala:21), which is now runnable
20/04/08 20:49:12 INFO TaskSetManager: Starting task 0.0 in stage 13.0 (TID 12, localhost, PROCESS_LOCAL, 2170 bytes)
20/04/08 20:49:12 INFO TaskSetManager: Starting task 1.0 in stage 13.0 (TID 13, localhost, PROCESS_LOCAL, 2170 bytes)
20/04/08 20:49:12 INFO MemoryStore: ensureFreeSpace(3504) called with curMem=172350, maxMem=555755765
20/04/08 20:49:12 INFO Executor: Running task 1.0 in stage 13.0 (TID 13)
20/04/08 20:49:12 INFO MemoryStore: Block broadcast_8 stored as values in memory (estimated size 3.4 KB, free 529.8 MB)
20/04/08 20:49:12 INFO ShuffleBlockFetcherIterator: Getting 2 non-empty blocks out of 2 blocks
20/04/08 20:49:12 INFO ShuffleBlockFetcherIterator: Started 0 remote fetches in 0 ms
20/04/08 20:49:12 INFO MemoryStore: ensureFreeSpace(1820) called with curMem=175854, maxMem=555755765
20/04/08 20:49:12 INFO ShuffleBlockFetcherIterator: Getting 2 non-empty blocks out of 2 blocks
20/04/08 20:49:12 INFO ShuffleBlockFetcherIterator: Started 0 remote fetches in 0 ms
20/04/08 20:49:12 INFO MemoryStore: Block broadcast_8_piece0 stored as bytes in memory (estimated size 1820.0 B, free 529.8 MB)
20/04/08 20:49:12 INFO BlockManagerInfo: Added broadcast_8_piece0 in memory on localhost:45955 (size: 1820.0 B, free: 530.0 MB)
20/04/08 20:49:12 INFO SparkContext: Created broadcast 8 from broadcast at DAGScheduler.scala:861
20/04/08 20:49:12 INFO DAGScheduler: Submitting 2 missing tasks from ShuffleMapStage 20 (MapPartitionsRDD[27] at map at Graph.scala:21)
20/04/08 20:49:12 INFO TaskSchedulerImpl: Adding task set 20.0 with 2 tasks
20/04/08 20:49:12 INFO Executor: Finished task 1.0 in stage 13.0 (TID 13). 1375 bytes result sent to driver
20/04/08 20:49:12 INFO TaskSetManager: Starting task 0.0 in stage 20.0 (TID 14, localhost, PROCESS_LOCAL, 2170 bytes)
20/04/08 20:49:12 INFO TaskSetManager: Finished task 1.0 in stage 13.0 (TID 13) in 9 ms on localhost (1/2)
20/04/08 20:49:12 INFO Executor: Running task 0.0 in stage 20.0 (TID 14)
20/04/08 20:49:12 INFO ShuffleBlockFetcherIterator: Getting 2 non-empty blocks out of 2 blocks
20/04/08 20:49:12 INFO ShuffleBlockFetcherIterator: Started 0 remote fetches in 0 ms
20/04/08 20:49:12 INFO ShuffleBlockFetcherIterator: Getting 2 non-empty blocks out of 2 blocks
20/04/08 20:49:12 INFO ShuffleBlockFetcherIterator: Started 0 remote fetches in 1 ms
20/04/08 20:49:12 INFO Executor: Finished task 0.0 in stage 20.0 (TID 14). 1375 bytes result sent to driver
20/04/08 20:49:12 INFO Executor: Running task 0.0 in stage 13.0 (TID 12)
20/04/08 20:49:12 INFO ShuffleBlockFetcherIterator: Getting 2 non-empty blocks out of 2 blocks
20/04/08 20:49:12 INFO ShuffleBlockFetcherIterator: Started 0 remote fetches in 0 ms
20/04/08 20:49:12 INFO ShuffleBlockFetcherIterator: Getting 2 non-empty blocks out of 2 blocks
20/04/08 20:49:12 INFO ShuffleBlockFetcherIterator: Started 0 remote fetches in 0 ms
20/04/08 20:49:12 INFO Executor: Finished task 0.0 in stage 13.0 (TID 12). 1375 bytes result sent to driver
20/04/08 20:49:12 INFO TaskSetManager: Starting task 1.0 in stage 20.0 (TID 15, localhost, PROCESS_LOCAL, 2170 bytes)
20/04/08 20:49:12 INFO TaskSetManager: Finished task 0.0 in stage 20.0 (TID 14) in 18 ms on localhost (1/2)
20/04/08 20:49:12 INFO TaskSetManager: Finished task 0.0 in stage 13.0 (TID 12) in 27 ms on localhost (2/2)
20/04/08 20:49:12 INFO TaskSchedulerImpl: Removed TaskSet 13.0, whose tasks have all completed, from pool 
20/04/08 20:49:12 INFO Executor: Running task 1.0 in stage 20.0 (TID 15)
20/04/08 20:49:12 INFO DAGScheduler: ShuffleMapStage 13 (flatMap at Graph.scala:17) finished in 0.027 s
20/04/08 20:49:12 INFO DAGScheduler: looking for newly runnable stages
20/04/08 20:49:12 INFO DAGScheduler: running: Set(ShuffleMapStage 20)
20/04/08 20:49:12 INFO DAGScheduler: waiting: Set(ShuffleMapStage 12, ShuffleMapStage 21, ShuffleMapStage 22, ResultStage 23)
20/04/08 20:49:12 INFO DAGScheduler: failed: Set()
20/04/08 20:49:12 INFO DAGScheduler: Missing parents for ShuffleMapStage 12: List(ShuffleMapStage 20)
20/04/08 20:49:12 INFO DAGScheduler: Missing parents for ShuffleMapStage 21: List(ShuffleMapStage 20)
20/04/08 20:49:12 INFO DAGScheduler: Missing parents for ShuffleMapStage 22: List(ShuffleMapStage 12, ShuffleMapStage 21)
20/04/08 20:49:12 INFO DAGScheduler: Missing parents for ResultStage 23: List(ShuffleMapStage 22)
20/04/08 20:49:12 INFO ShuffleBlockFetcherIterator: Getting 2 non-empty blocks out of 2 blocks
20/04/08 20:49:12 INFO ShuffleBlockFetcherIterator: Started 0 remote fetches in 0 ms
20/04/08 20:49:12 INFO ShuffleBlockFetcherIterator: Getting 2 non-empty blocks out of 2 blocks
20/04/08 20:49:12 INFO ShuffleBlockFetcherIterator: Started 0 remote fetches in 0 ms
20/04/08 20:49:12 INFO Executor: Finished task 1.0 in stage 20.0 (TID 15). 1375 bytes result sent to driver
20/04/08 20:49:12 INFO TaskSetManager: Finished task 1.0 in stage 20.0 (TID 15) in 22 ms on localhost (2/2)
20/04/08 20:49:12 INFO TaskSchedulerImpl: Removed TaskSet 20.0, whose tasks have all completed, from pool 
20/04/08 20:49:12 INFO DAGScheduler: ShuffleMapStage 20 (map at Graph.scala:21) finished in 0.042 s
20/04/08 20:49:12 INFO DAGScheduler: looking for newly runnable stages
20/04/08 20:49:12 INFO DAGScheduler: running: Set()
20/04/08 20:49:12 INFO DAGScheduler: waiting: Set(ShuffleMapStage 12, ShuffleMapStage 21, ShuffleMapStage 22, ResultStage 23)
20/04/08 20:49:12 INFO DAGScheduler: failed: Set()
20/04/08 20:49:12 INFO DAGScheduler: Missing parents for ShuffleMapStage 12: List()
20/04/08 20:49:12 INFO DAGScheduler: Missing parents for ShuffleMapStage 21: List()
20/04/08 20:49:12 INFO DAGScheduler: Missing parents for ShuffleMapStage 22: List(ShuffleMapStage 12, ShuffleMapStage 21)
20/04/08 20:49:12 INFO DAGScheduler: Missing parents for ResultStage 23: List(ShuffleMapStage 22)
20/04/08 20:49:12 INFO DAGScheduler: Submitting ShuffleMapStage 12 (MapPartitionsRDD[32] at flatMap at Graph.scala:17), which is now runnable
20/04/08 20:49:12 INFO MemoryStore: ensureFreeSpace(3616) called with curMem=177674, maxMem=555755765
20/04/08 20:49:12 INFO MemoryStore: Block broadcast_9 stored as values in memory (estimated size 3.5 KB, free 529.8 MB)
20/04/08 20:49:12 INFO MemoryStore: ensureFreeSpace(1853) called with curMem=181290, maxMem=555755765
20/04/08 20:49:12 INFO MemoryStore: Block broadcast_9_piece0 stored as bytes in memory (estimated size 1853.0 B, free 529.8 MB)
20/04/08 20:49:12 INFO BlockManagerInfo: Added broadcast_9_piece0 in memory on localhost:45955 (size: 1853.0 B, free: 530.0 MB)
20/04/08 20:49:12 INFO SparkContext: Created broadcast 9 from broadcast at DAGScheduler.scala:861
20/04/08 20:49:12 INFO DAGScheduler: Submitting 2 missing tasks from ShuffleMapStage 12 (MapPartitionsRDD[32] at flatMap at Graph.scala:17)
20/04/08 20:49:12 INFO TaskSchedulerImpl: Adding task set 12.0 with 2 tasks
20/04/08 20:49:12 INFO DAGScheduler: Submitting ShuffleMapStage 21 (MapPartitionsRDD[34] at map at Graph.scala:21), which is now runnable
20/04/08 20:49:12 INFO TaskSetManager: Starting task 0.0 in stage 12.0 (TID 16, localhost, PROCESS_LOCAL, 2170 bytes)
20/04/08 20:49:12 INFO TaskSetManager: Starting task 1.0 in stage 12.0 (TID 17, localhost, PROCESS_LOCAL, 2170 bytes)
20/04/08 20:49:12 INFO Executor: Running task 1.0 in stage 12.0 (TID 17)
20/04/08 20:49:12 INFO MemoryStore: ensureFreeSpace(3504) called with curMem=183143, maxMem=555755765
20/04/08 20:49:12 INFO MemoryStore: Block broadcast_10 stored as values in memory (estimated size 3.4 KB, free 529.8 MB)
20/04/08 20:49:12 INFO ShuffleBlockFetcherIterator: Getting 2 non-empty blocks out of 2 blocks
20/04/08 20:49:12 INFO ShuffleBlockFetcherIterator: Started 0 remote fetches in 0 ms
20/04/08 20:49:12 INFO MemoryStore: ensureFreeSpace(1820) called with curMem=186647, maxMem=555755765
20/04/08 20:49:12 INFO ShuffleBlockFetcherIterator: Getting 2 non-empty blocks out of 2 blocks
20/04/08 20:49:12 INFO ShuffleBlockFetcherIterator: Started 0 remote fetches in 1 ms
20/04/08 20:49:12 INFO MemoryStore: Block broadcast_10_piece0 stored as bytes in memory (estimated size 1820.0 B, free 529.8 MB)
20/04/08 20:49:12 INFO BlockManagerInfo: Added broadcast_10_piece0 in memory on localhost:45955 (size: 1820.0 B, free: 530.0 MB)
20/04/08 20:49:12 INFO SparkContext: Created broadcast 10 from broadcast at DAGScheduler.scala:861
20/04/08 20:49:12 INFO DAGScheduler: Submitting 2 missing tasks from ShuffleMapStage 21 (MapPartitionsRDD[34] at map at Graph.scala:21)
20/04/08 20:49:12 INFO TaskSchedulerImpl: Adding task set 21.0 with 2 tasks
20/04/08 20:49:12 INFO Executor: Finished task 1.0 in stage 12.0 (TID 17). 1375 bytes result sent to driver
20/04/08 20:49:12 INFO TaskSetManager: Starting task 0.0 in stage 21.0 (TID 18, localhost, PROCESS_LOCAL, 2170 bytes)
20/04/08 20:49:12 INFO TaskSetManager: Finished task 1.0 in stage 12.0 (TID 17) in 9 ms on localhost (1/2)
20/04/08 20:49:12 INFO Executor: Running task 0.0 in stage 21.0 (TID 18)
20/04/08 20:49:12 INFO Executor: Running task 0.0 in stage 12.0 (TID 16)
20/04/08 20:49:12 INFO ShuffleBlockFetcherIterator: Getting 2 non-empty blocks out of 2 blocks
20/04/08 20:49:12 INFO ShuffleBlockFetcherIterator: Started 0 remote fetches in 0 ms
20/04/08 20:49:12 INFO ShuffleBlockFetcherIterator: Getting 2 non-empty blocks out of 2 blocks
20/04/08 20:49:12 INFO ShuffleBlockFetcherIterator: Started 0 remote fetches in 1 ms
20/04/08 20:49:12 INFO ShuffleBlockFetcherIterator: Getting 2 non-empty blocks out of 2 blocks
20/04/08 20:49:12 INFO ShuffleBlockFetcherIterator: Started 0 remote fetches in 0 ms
20/04/08 20:49:12 INFO ShuffleBlockFetcherIterator: Getting 2 non-empty blocks out of 2 blocks
20/04/08 20:49:12 INFO ShuffleBlockFetcherIterator: Started 0 remote fetches in 0 ms
20/04/08 20:49:12 INFO Executor: Finished task 0.0 in stage 21.0 (TID 18). 1375 bytes result sent to driver
20/04/08 20:49:12 INFO TaskSetManager: Starting task 1.0 in stage 21.0 (TID 19, localhost, PROCESS_LOCAL, 2170 bytes)
20/04/08 20:49:12 INFO Executor: Running task 1.0 in stage 21.0 (TID 19)
20/04/08 20:49:12 INFO TaskSetManager: Finished task 0.0 in stage 21.0 (TID 18) in 8 ms on localhost (1/2)
20/04/08 20:49:12 INFO ShuffleBlockFetcherIterator: Getting 2 non-empty blocks out of 2 blocks
20/04/08 20:49:12 INFO ShuffleBlockFetcherIterator: Started 0 remote fetches in 0 ms
20/04/08 20:49:12 INFO ShuffleBlockFetcherIterator: Getting 2 non-empty blocks out of 2 blocks
20/04/08 20:49:12 INFO Executor: Finished task 0.0 in stage 12.0 (TID 16). 1375 bytes result sent to driver
20/04/08 20:49:12 INFO ShuffleBlockFetcherIterator: Started 0 remote fetches in 0 ms
20/04/08 20:49:12 INFO TaskSetManager: Finished task 0.0 in stage 12.0 (TID 16) in 20 ms on localhost (2/2)
20/04/08 20:49:12 INFO TaskSchedulerImpl: Removed TaskSet 12.0, whose tasks have all completed, from pool 
20/04/08 20:49:12 INFO Executor: Finished task 1.0 in stage 21.0 (TID 19). 1375 bytes result sent to driver
20/04/08 20:49:12 INFO TaskSetManager: Finished task 1.0 in stage 21.0 (TID 19) in 6 ms on localhost (2/2)
20/04/08 20:49:12 INFO TaskSchedulerImpl: Removed TaskSet 21.0, whose tasks have all completed, from pool 
20/04/08 20:49:12 INFO DAGScheduler: ShuffleMapStage 12 (flatMap at Graph.scala:17) finished in 0.024 s
20/04/08 20:49:12 INFO DAGScheduler: looking for newly runnable stages
20/04/08 20:49:12 INFO DAGScheduler: running: Set(ShuffleMapStage 21)
20/04/08 20:49:12 INFO DAGScheduler: waiting: Set(ShuffleMapStage 22, ResultStage 23)
20/04/08 20:49:12 INFO DAGScheduler: failed: Set()
20/04/08 20:49:12 INFO DAGScheduler: Missing parents for ShuffleMapStage 22: List(ShuffleMapStage 21)
20/04/08 20:49:12 INFO DAGScheduler: Missing parents for ResultStage 23: List(ShuffleMapStage 22)
20/04/08 20:49:12 INFO DAGScheduler: ShuffleMapStage 21 (map at Graph.scala:21) finished in 0.019 s
20/04/08 20:49:12 INFO DAGScheduler: looking for newly runnable stages
20/04/08 20:49:12 INFO DAGScheduler: running: Set()
20/04/08 20:49:12 INFO DAGScheduler: waiting: Set(ShuffleMapStage 22, ResultStage 23)
20/04/08 20:49:12 INFO DAGScheduler: failed: Set()
20/04/08 20:49:12 INFO DAGScheduler: Missing parents for ShuffleMapStage 22: List()
20/04/08 20:49:12 INFO DAGScheduler: Missing parents for ResultStage 23: List(ShuffleMapStage 22)
20/04/08 20:49:12 INFO DAGScheduler: Submitting ShuffleMapStage 22 (MapPartitionsRDD[39] at map at Graph.scala:25), which is now runnable
20/04/08 20:49:12 INFO MemoryStore: ensureFreeSpace(3528) called with curMem=188467, maxMem=555755765
20/04/08 20:49:12 INFO MemoryStore: Block broadcast_11 stored as values in memory (estimated size 3.4 KB, free 529.8 MB)
20/04/08 20:49:12 INFO MemoryStore: ensureFreeSpace(1854) called with curMem=191995, maxMem=555755765
20/04/08 20:49:12 INFO MemoryStore: Block broadcast_11_piece0 stored as bytes in memory (estimated size 1854.0 B, free 529.8 MB)
20/04/08 20:49:12 INFO BlockManagerInfo: Added broadcast_11_piece0 in memory on localhost:45955 (size: 1854.0 B, free: 530.0 MB)
20/04/08 20:49:12 INFO SparkContext: Created broadcast 11 from broadcast at DAGScheduler.scala:861
20/04/08 20:49:12 INFO DAGScheduler: Submitting 2 missing tasks from ShuffleMapStage 22 (MapPartitionsRDD[39] at map at Graph.scala:25)
20/04/08 20:49:12 INFO TaskSchedulerImpl: Adding task set 22.0 with 2 tasks
20/04/08 20:49:12 INFO TaskSetManager: Starting task 0.0 in stage 22.0 (TID 20, localhost, PROCESS_LOCAL, 2170 bytes)
20/04/08 20:49:12 INFO TaskSetManager: Starting task 1.0 in stage 22.0 (TID 21, localhost, PROCESS_LOCAL, 2170 bytes)
20/04/08 20:49:12 INFO Executor: Running task 1.0 in stage 22.0 (TID 21)
20/04/08 20:49:12 INFO ShuffleBlockFetcherIterator: Getting 2 non-empty blocks out of 2 blocks
20/04/08 20:49:12 INFO ShuffleBlockFetcherIterator: Started 0 remote fetches in 0 ms
20/04/08 20:49:12 INFO ShuffleBlockFetcherIterator: Getting 2 non-empty blocks out of 2 blocks
20/04/08 20:49:12 INFO ShuffleBlockFetcherIterator: Started 0 remote fetches in 1 ms
20/04/08 20:49:12 INFO Executor: Running task 0.0 in stage 22.0 (TID 20)
20/04/08 20:49:12 INFO Executor: Finished task 1.0 in stage 22.0 (TID 21). 1375 bytes result sent to driver
20/04/08 20:49:12 INFO ShuffleBlockFetcherIterator: Getting 2 non-empty blocks out of 2 blocks
20/04/08 20:49:12 INFO ShuffleBlockFetcherIterator: Started 0 remote fetches in 1 ms
20/04/08 20:49:12 INFO TaskSetManager: Finished task 1.0 in stage 22.0 (TID 21) in 8 ms on localhost (1/2)
20/04/08 20:49:12 INFO ShuffleBlockFetcherIterator: Getting 2 non-empty blocks out of 2 blocks
20/04/08 20:49:12 INFO ShuffleBlockFetcherIterator: Started 0 remote fetches in 1 ms
20/04/08 20:49:12 INFO Executor: Finished task 0.0 in stage 22.0 (TID 20). 1375 bytes result sent to driver
20/04/08 20:49:12 INFO TaskSetManager: Finished task 0.0 in stage 22.0 (TID 20) in 13 ms on localhost (2/2)
20/04/08 20:49:12 INFO TaskSchedulerImpl: Removed TaskSet 22.0, whose tasks have all completed, from pool 
20/04/08 20:49:12 INFO DAGScheduler: ShuffleMapStage 22 (map at Graph.scala:25) finished in 0.013 s
20/04/08 20:49:12 INFO DAGScheduler: looking for newly runnable stages
20/04/08 20:49:12 INFO DAGScheduler: running: Set()
20/04/08 20:49:12 INFO DAGScheduler: waiting: Set(ResultStage 23)
20/04/08 20:49:12 INFO DAGScheduler: failed: Set()
20/04/08 20:49:12 INFO DAGScheduler: Missing parents for ResultStage 23: List()
20/04/08 20:49:12 INFO DAGScheduler: Submitting ResultStage 23 (ShuffledRDD[40] at reduceByKey at Graph.scala:26), which is now runnable
20/04/08 20:49:12 INFO MemoryStore: ensureFreeSpace(2280) called with curMem=193849, maxMem=555755765
20/04/08 20:49:12 INFO MemoryStore: Block broadcast_12 stored as values in memory (estimated size 2.2 KB, free 529.8 MB)
20/04/08 20:49:12 INFO MemoryStore: ensureFreeSpace(1368) called with curMem=196129, maxMem=555755765
20/04/08 20:49:12 INFO MemoryStore: Block broadcast_12_piece0 stored as bytes in memory (estimated size 1368.0 B, free 529.8 MB)
20/04/08 20:49:12 INFO BlockManagerInfo: Added broadcast_12_piece0 in memory on localhost:45955 (size: 1368.0 B, free: 530.0 MB)
20/04/08 20:49:12 INFO SparkContext: Created broadcast 12 from broadcast at DAGScheduler.scala:861
20/04/08 20:49:12 INFO DAGScheduler: Submitting 2 missing tasks from ResultStage 23 (ShuffledRDD[40] at reduceByKey at Graph.scala:26)
20/04/08 20:49:12 INFO TaskSchedulerImpl: Adding task set 23.0 with 2 tasks
20/04/08 20:49:12 INFO TaskSetManager: Starting task 0.0 in stage 23.0 (TID 22, localhost, PROCESS_LOCAL, 1954 bytes)
20/04/08 20:49:12 INFO TaskSetManager: Starting task 1.0 in stage 23.0 (TID 23, localhost, PROCESS_LOCAL, 1954 bytes)
20/04/08 20:49:12 INFO Executor: Running task 1.0 in stage 23.0 (TID 23)
20/04/08 20:49:12 INFO Executor: Running task 0.0 in stage 23.0 (TID 22)
20/04/08 20:49:12 INFO ShuffleBlockFetcherIterator: Getting 2 non-empty blocks out of 2 blocks
20/04/08 20:49:12 INFO ShuffleBlockFetcherIterator: Started 0 remote fetches in 1 ms
20/04/08 20:49:12 INFO Executor: Finished task 1.0 in stage 23.0 (TID 23). 1354 bytes result sent to driver
20/04/08 20:49:12 INFO ShuffleBlockFetcherIterator: Getting 2 non-empty blocks out of 2 blocks
20/04/08 20:49:12 INFO ShuffleBlockFetcherIterator: Started 0 remote fetches in 1 ms
20/04/08 20:49:12 INFO TaskSetManager: Finished task 1.0 in stage 23.0 (TID 23) in 3 ms on localhost (1/2)
20/04/08 20:49:12 INFO Executor: Finished task 0.0 in stage 23.0 (TID 22). 1354 bytes result sent to driver
20/04/08 20:49:12 INFO TaskSetManager: Finished task 0.0 in stage 23.0 (TID 22) in 7 ms on localhost (2/2)
20/04/08 20:49:12 INFO TaskSchedulerImpl: Removed TaskSet 23.0, whose tasks have all completed, from pool 
20/04/08 20:49:12 INFO DAGScheduler: ResultStage 23 (collect at Graph.scala:26) finished in 0.005 s
20/04/08 20:49:12 INFO DAGScheduler: Job 0 finished: collect at Graph.scala:26, took 0.656845 s
(0,3)
(1,7)
20/04/08 20:49:12 INFO SparkContext: Invoking stop() from shutdown hook
20/04/08 20:49:12 INFO SparkUI: Stopped Spark web UI at http://198.202.114.102:4040
20/04/08 20:49:12 INFO DAGScheduler: Stopping DAGScheduler
20/04/08 20:49:12 INFO MapOutputTrackerMasterEndpoint: MapOutputTrackerMasterEndpoint stopped!
20/04/08 20:49:12 INFO MemoryStore: MemoryStore cleared
20/04/08 20:49:12 INFO BlockManager: BlockManager stopped
20/04/08 20:49:12 INFO BlockManagerMaster: BlockManagerMaster stopped
20/04/08 20:49:12 INFO OutputCommitCoordinator$OutputCommitCoordinatorEndpoint: OutputCommitCoordinator stopped!
20/04/08 20:49:12 INFO SparkContext: Successfully stopped SparkContext
20/04/08 20:49:12 INFO RemoteActorRefProvider$RemotingTerminator: Shutting down remote daemon.
20/04/08 20:49:12 INFO ShutdownHookManager: Shutdown hook called
20/04/08 20:49:12 INFO RemoteActorRefProvider$RemotingTerminator: Remote daemon shut down; proceeding with flushing remote transports.
20/04/08 20:49:12 INFO ShutdownHookManager: Deleting directory /tmp/spark-5cf78a93-bd21-4db4-be61-99ba913eb31a
